<?xml version="1.0" encoding="UTF-8"?>
<!-- Generated by org.testng.reporters.JUnitReportReporter -->
<testsuite hostname="DESKTOP-095PV9A" failures="0" tests="3" name="runners.LoginRunner" time="45.042" errors="0" timestamp="2024-12-25T14:38:00 IST" skipped="0">
  <testcase classname="runners.LoginRunner" name="runScenario" time="12.413"/>
  <testcase classname="runners.LoginRunner" name="runScenario" time="16.837"/>
  <testcase classname="runners.LoginRunner" name="runScenario" time="15.792"/>
</testsuite> <!-- runners.LoginRunner -->
