<?xml version="1.0" encoding="UTF-8"?>
<!-- Generated by org.testng.reporters.JUnitReportReporter -->
<testsuite hostname="DESKTOP-095PV9A" failures="0" tests="3" name="runners.AddressRunner" time="75.439" errors="0" timestamp="2024-12-25T14:41:43 IST" skipped="0">
  <testcase classname="runners.AddressRunner" name="runScenario" time="24.914"/>
  <testcase classname="runners.AddressRunner" name="runScenario" time="24.592"/>
  <testcase classname="runners.AddressRunner" name="runScenario" time="25.933"/>
</testsuite> <!-- runners.AddressRunner -->
