<?xml version="1.0" encoding="UTF-8"?>
<!-- Generated by org.testng.reporters.JUnitReportReporter -->
<testsuite hostname="DESKTOP-095PV9A" failures="0" tests="1" name="runners.TabMenuRunner" time="39.054" errors="0" timestamp="2024-12-25T14:35:51 IST" skipped="0">
  <testcase classname="runners.TabMenuRunner" name="runScenario" time="39.054"/>
</testsuite> <!-- runners.TabMenuRunner -->
