<?xml version="1.0" encoding="UTF-8"?>
<!-- Generated by org.testng.reporters.JUnitReportReporter -->
<testsuite hostname="DESKTOP-095PV9A" failures="0" tests="1" name="runners.SearchFunctionRunner" time="27.201" errors="0" timestamp="2024-12-25T14:36:56 IST" skipped="0">
  <testcase classname="runners.SearchFunctionRunner" name="runScenario" time="27.201"/>
</testsuite> <!-- runners.SearchFunctionRunner -->
